Determining if the pthread_create exist failed with the following output:
Change Dir: /home/schwarmcyc/Documents/techman_robot/build/CMakeFiles/CMakeTmp

Run Build Command:"/usr/bin/make" "cmTC_11cba/fast"
/usr/bin/make -f CMakeFiles/cmTC_11cba.dir/build.make CMakeFiles/cmTC_11cba.dir/build
make[1]: Entering directory `/home/schwarmcyc/Documents/techman_robot/build/CMakeFiles/CMakeTmp'
Building C object CMakeFiles/cmTC_11cba.dir/CheckSymbolExists.c.o
/usr/bin/cc     -o CMakeFiles/cmTC_11cba.dir/CheckSymbolExists.c.o   -c /home/schwarmcyc/Documents/techman_robot/build/CMakeFiles/CMakeTmp/CheckSymbolExists.c
Linking C executable cmTC_11cba
/usr/local/bin/cmake -E cmake_link_script CMakeFiles/cmTC_11cba.dir/link.txt --verbose=1
/usr/bin/cc       CMakeFiles/cmTC_11cba.dir/CheckSymbolExists.c.o  -o cmTC_11cba -rdynamic 
CMakeFiles/cmTC_11cba.dir/CheckSymbolExists.c.o: In function `main':
CheckSymbolExists.c:(.text+0x16): undefined reference to `pthread_create'
collect2: error: ld returned 1 exit status
make[1]: *** [cmTC_11cba] Error 1
make[1]: Leaving directory `/home/schwarmcyc/Documents/techman_robot/build/CMakeFiles/CMakeTmp'
make: *** [cmTC_11cba/fast] Error 2

File /home/schwarmcyc/Documents/techman_robot/build/CMakeFiles/CMakeTmp/CheckSymbolExists.c:
/* */
#include <pthread.h>

int main(int argc, char** argv)
{
  (void)argv;
#ifndef pthread_create
  return ((int*)(&pthread_create))[argc];
#else
  (void)argc;
  return 0;
#endif
}

Determining if the function pthread_create exists in the pthreads failed with the following output:
Change Dir: /home/schwarmcyc/Documents/techman_robot/build/CMakeFiles/CMakeTmp

Run Build Command:"/usr/bin/make" "cmTC_8aa87/fast"
/usr/bin/make -f CMakeFiles/cmTC_8aa87.dir/build.make CMakeFiles/cmTC_8aa87.dir/build
make[1]: Entering directory `/home/schwarmcyc/Documents/techman_robot/build/CMakeFiles/CMakeTmp'
Building C object CMakeFiles/cmTC_8aa87.dir/CheckFunctionExists.c.o
/usr/bin/cc    -DCHECK_FUNCTION_EXISTS=pthread_create   -o CMakeFiles/cmTC_8aa87.dir/CheckFunctionExists.c.o   -c /usr/local/share/cmake-3.4/Modules/CheckFunctionExists.c
Linking C executable cmTC_8aa87
/usr/local/bin/cmake -E cmake_link_script CMakeFiles/cmTC_8aa87.dir/link.txt --verbose=1
/usr/bin/cc   -DCHECK_FUNCTION_EXISTS=pthread_create    CMakeFiles/cmTC_8aa87.dir/CheckFunctionExists.c.o  -o cmTC_8aa87 -rdynamic -lpthreads 
/usr/bin/ld: cannot find -lpthreads
collect2: error: ld returned 1 exit status
make[1]: *** [cmTC_8aa87] Error 1
make[1]: Leaving directory `/home/schwarmcyc/Documents/techman_robot/build/CMakeFiles/CMakeTmp'
make: *** [cmTC_8aa87/fast] Error 2


